D:\SignLanguagePlatform\datasets\asl_alphabet\asl_alphabet_train\asl_alphabet_train\A\A100.jpg
D:\SignLanguagePlatform\datasets\asl_alphabet\asl_alphabet_train\asl_alphabet_train\A\A101.jpg
D:\SignLanguagePlatform\datasets\asl_alphabet\asl_alphabet_train\asl_alphabet_train\B\B100.jpg
D:\SignLanguagePlatform\datasets\asl_alphabet\asl_alphabet_train\asl_alphabet_train\B\B101.jpg
D:\SignLanguagePlatform\datasets\asl_alphabet\asl_alphabet_train\asl_alphabet_train\C\C1.jpg
D:\SignLanguagePlatform\datasets\asl_alphabet\asl_alphabet_train\asl_alphabet_train\C\C10.jpg
D:\SignLanguagePlatform\datasets\asl_alphabet\asl_alphabet_train\asl_alphabet_train\C\C1000.jpg
D:\SignLanguagePlatform\datasets\asl_alphabet\asl_alphabet_train\asl_alphabet_train\D\D1.jpg
D:\SignLanguagePlatform\datasets\asl_alphabet\asl_alphabet_train\asl_alphabet_train\D\D10.jpg
D:\SignLanguagePlatform\datasets\asl_alphabet\asl_alphabet_train\asl_alphabet_train\del\del1.jpg
D:\SignLanguagePlatform\datasets\asl_alphabet\asl_alphabet_train\asl_alphabet_train\del\del100.jpg
D:\SignLanguagePlatform\datasets\asl_alphabet\asl_alphabet_train\asl_alphabet_train\del\del1000.jpg
D:\SignLanguagePlatform\datasets\asl_alphabet\asl_alphabet_train\asl_alphabet_train\del\del1002.jpg
D:\SignLanguagePlatform\datasets\asl_alphabet\asl_alphabet_train\asl_alphabet_train\del\del101.jpg
D:\SignLanguagePlatform\datasets\asl_alphabet\asl_alphabet_train\asl_alphabet_train\del\del1011.jpg
D:\SignLanguagePlatform\datasets\asl_alphabet\asl_alphabet_train\asl_alphabet_train\E\E1.jpg
D:\SignLanguagePlatform\datasets\asl_alphabet\asl_alphabet_train\asl_alphabet_train\E\E10.jpg
D:\SignLanguagePlatform\datasets\asl_alphabet\asl_alphabet_train\asl_alphabet_train\E\E100.jpg
D:\SignLanguagePlatform\datasets\asl_alphabet\asl_alphabet_train\asl_alphabet_train\M\M10.jpg
D:\SignLanguagePlatform\datasets\asl_alphabet\asl_alphabet_train\asl_alphabet_train\M\M1000.jpg
D:\SignLanguagePlatform\datasets\asl_alphabet\asl_alphabet_train\asl_alphabet_train\M\M1007.jpg
D:\SignLanguagePlatform\datasets\asl_alphabet\asl_alphabet_train\asl_alphabet_train\M\M1010.jpg
D:\SignLanguagePlatform\datasets\asl_alphabet\asl_alphabet_train\asl_alphabet_train\M\M1012.jpg
D:\SignLanguagePlatform\datasets\asl_alphabet\asl_alphabet_train\asl_alphabet_train\M\M1013.jpg
D:\SignLanguagePlatform\datasets\asl_alphabet\asl_alphabet_train\asl_alphabet_train\M\M1015.jpg
D:\SignLanguagePlatform\datasets\asl_alphabet\asl_alphabet_train\asl_alphabet_train\N\N1.jpg
D:\SignLanguagePlatform\datasets\asl_alphabet\asl_alphabet_train\asl_alphabet_train\N\N10.jpg
D:\SignLanguagePlatform\datasets\asl_alphabet\asl_alphabet_train\asl_alphabet_train\N\N100.jpg
D:\SignLanguagePlatform\datasets\asl_alphabet\asl_alphabet_train\asl_alphabet_train\N\N1008.jpg
D:\SignLanguagePlatform\datasets\asl_alphabet\asl_alphabet_train\asl_alphabet_train\N\N101.jpg
D:\SignLanguagePlatform\datasets\asl_alphabet\asl_alphabet_train\asl_alphabet_train\N\N1010.jpg
D:\SignLanguagePlatform\datasets\asl_alphabet\asl_alphabet_train\asl_alphabet_train\N\N1011.jpg
D:\SignLanguagePlatform\datasets\asl_alphabet\asl_alphabet_train\asl_alphabet_train\N\N1012.jpg
D:\SignLanguagePlatform\datasets\asl_alphabet\asl_alphabet_train\asl_alphabet_train\N\N1013.jpg
D:\SignLanguagePlatform\datasets\asl_alphabet\asl_alphabet_train\asl_alphabet_train\N\N1014.jpg
D:\SignLanguagePlatform\datasets\asl_alphabet\asl_alphabet_train\asl_alphabet_train\N\N1015.jpg
D:\SignLanguagePlatform\datasets\asl_alphabet\asl_alphabet_train\asl_alphabet_train\nothing\nothing1.jpg
D:\SignLanguagePlatform\datasets\asl_alphabet\asl_alphabet_train\asl_alphabet_train\nothing\nothing10.jpg
D:\SignLanguagePlatform\datasets\asl_alphabet\asl_alphabet_train\asl_alphabet_train\nothing\nothing100.jpg
D:\SignLanguagePlatform\datasets\asl_alphabet\asl_alphabet_train\asl_alphabet_train\nothing\nothing1000.jpg
D:\SignLanguagePlatform\datasets\asl_alphabet\asl_alphabet_train\asl_alphabet_train\nothing\nothing1001.jpg
D:\SignLanguagePlatform\datasets\asl_alphabet\asl_alphabet_train\asl_alphabet_train\nothing\nothing1002.jpg
D:\SignLanguagePlatform\datasets\asl_alphabet\asl_alphabet_train\asl_alphabet_train\nothing\nothing1003.jpg
D:\SignLanguagePlatform\datasets\asl_alphabet\asl_alphabet_train\asl_alphabet_train\nothing\nothing1004.jpg
D:\SignLanguagePlatform\datasets\asl_alphabet\asl_alphabet_train\asl_alphabet_train\nothing\nothing1005.jpg
D:\SignLanguagePlatform\datasets\asl_alphabet\asl_alphabet_train\asl_alphabet_train\nothing\nothing1006.jpg
D:\SignLanguagePlatform\datasets\asl_alphabet\asl_alphabet_train\asl_alphabet_train\nothing\nothing1007.jpg
D:\SignLanguagePlatform\datasets\asl_alphabet\asl_alphabet_train\asl_alphabet_train\nothing\nothing1008.jpg
D:\SignLanguagePlatform\datasets\asl_alphabet\asl_alphabet_train\asl_alphabet_train\nothing\nothing1009.jpg
D:\SignLanguagePlatform\datasets\asl_alphabet\asl_alphabet_train\asl_alphabet_train\nothing\nothing101.jpg
D:\SignLanguagePlatform\datasets\asl_alphabet\asl_alphabet_train\asl_alphabet_train\nothing\nothing1010.jpg
D:\SignLanguagePlatform\datasets\asl_alphabet\asl_alphabet_train\asl_alphabet_train\nothing\nothing1011.jpg
D:\SignLanguagePlatform\datasets\asl_alphabet\asl_alphabet_train\asl_alphabet_train\nothing\nothing1012.jpg
D:\SignLanguagePlatform\datasets\asl_alphabet\asl_alphabet_train\asl_alphabet_train\nothing\nothing1013.jpg
D:\SignLanguagePlatform\datasets\asl_alphabet\asl_alphabet_train\asl_alphabet_train\nothing\nothing1014.jpg
D:\SignLanguagePlatform\datasets\asl_alphabet\asl_alphabet_train\asl_alphabet_train\nothing\nothing1015.jpg
D:\SignLanguagePlatform\datasets\asl_alphabet\asl_alphabet_train\asl_alphabet_train\P\P10.jpg
D:\SignLanguagePlatform\datasets\asl_alphabet\asl_alphabet_train\asl_alphabet_train\Q\Q10.jpg
D:\SignLanguagePlatform\datasets\asl_alphabet\asl_alphabet_train\asl_alphabet_train\space\space1014.jpg
D:\SignLanguagePlatform\datasets\asl_alphabet\asl_alphabet_train\asl_alphabet_train\T\T100.jpg
D:\SignLanguagePlatform\datasets\asl_alphabet\asl_alphabet_train\asl_alphabet_train\T\T101.jpg
D:\SignLanguagePlatform\datasets\asl_alphabet\asl_alphabet_train\asl_alphabet_train\U\U1.jpg
D:\SignLanguagePlatform\datasets\asl_alphabet\asl_alphabet_train\asl_alphabet_train\U\U10.jpg
D:\SignLanguagePlatform\datasets\asl_alphabet\asl_alphabet_train\asl_alphabet_train\U\U100.jpg
D:\SignLanguagePlatform\datasets\asl_alphabet\asl_alphabet_train\asl_alphabet_train\U\U101.jpg
D:\SignLanguagePlatform\datasets\asl_alphabet\asl_alphabet_train\asl_alphabet_train\V\V1.jpg
D:\SignLanguagePlatform\datasets\asl_alphabet\asl_alphabet_train\asl_alphabet_train\V\V10.jpg
D:\SignLanguagePlatform\datasets\asl_alphabet\asl_alphabet_train\asl_alphabet_train\V\V100.jpg
D:\SignLanguagePlatform\datasets\asl_alphabet\asl_alphabet_train\asl_alphabet_train\V\V101.jpg
D:\SignLanguagePlatform\datasets\asl_alphabet\asl_alphabet_train\asl_alphabet_train\X\X1.jpg
D:\SignLanguagePlatform\datasets\asl_alphabet\asl_alphabet_train\asl_alphabet_train\X\X10.jpg
D:\SignLanguagePlatform\datasets\asl_alphabet\asl_alphabet_train\asl_alphabet_train\X\X100.jpg
D:\SignLanguagePlatform\datasets\asl_alphabet\asl_alphabet_train\asl_alphabet_train\X\X101.jpg
D:\SignLanguagePlatform\datasets\asl_alphabet\asl_alphabet_train\asl_alphabet_train\Z\Z1.jpg